{"/Users/miraklemonkey/fullstackOpen2023/part5/src/App.jsx": {"path":"/Users/miraklemonkey/fullstackOpen2023/part5/src/App.jsx","statementMap":{"0":{"start":{"line":10,"column":12},"end":{"line":120,"column":1}},"1":{"start":{"line":11,"column":28},"end":{"line":11,"column":40}},"2":{"start":{"line":12,"column":56},"end":{"line":12,"column":70}},"3":{"start":{"line":13,"column":32},"end":{"line":13,"column":46}},"4":{"start":{"line":14,"column":34},"end":{"line":14,"column":46}},"5":{"start":{"line":15,"column":34},"end":{"line":15,"column":46}},"6":{"start":{"line":16,"column":32},"end":{"line":16,"column":44}},"7":{"start":{"line":17,"column":34},"end":{"line":17,"column":46}},"8":{"start":{"line":18,"column":28},"end":{"line":18,"column":40}},"9":{"start":{"line":19,"column":26},"end":{"line":19,"column":40}},"10":{"start":{"line":20,"column":46},"end":{"line":20,"column":61}},"11":{"start":{"line":22,"column":2},"end":{"line":26,"column":8}},"12":{"start":{"line":23,"column":4},"end":{"line":25,"column":5}},"13":{"start":{"line":24,"column":6},"end":{"line":24,"column":21}},"14":{"start":{"line":28,"column":2},"end":{"line":36,"column":8}},"15":{"start":{"line":29,"column":27},"end":{"line":29,"column":75}},"16":{"start":{"line":30,"column":4},"end":{"line":35,"column":5}},"17":{"start":{"line":31,"column":19},"end":{"line":31,"column":45}},"18":{"start":{"line":32,"column":6},"end":{"line":32,"column":19}},"19":{"start":{"line":33,"column":6},"end":{"line":33,"column":38}},"20":{"start":{"line":38,"column":22},"end":{"line":55,"column":3}},"21":{"start":{"line":39,"column":4},"end":{"line":39,"column":26}},"22":{"start":{"line":41,"column":4},"end":{"line":54,"column":5}},"23":{"start":{"line":42,"column":19},"end":{"line":44,"column":8}},"24":{"start":{"line":45,"column":6},"end":{"line":47,"column":7}},"25":{"start":{"line":48,"column":6},"end":{"line":48,"column":38}},"26":{"start":{"line":49,"column":6},"end":{"line":49,"column":19}},"27":{"start":{"line":50,"column":6},"end":{"line":50,"column":21}},"28":{"start":{"line":51,"column":6},"end":{"line":51,"column":21}},"29":{"start":{"line":53,"column":6},"end":{"line":53,"column":68}},"30":{"start":{"line":56,"column":23},"end":{"line":60,"column":3}},"31":{"start":{"line":57,"column":4},"end":{"line":57,"column":26}},"32":{"start":{"line":58,"column":4},"end":{"line":58,"column":31}},"33":{"start":{"line":59,"column":4},"end":{"line":59,"column":17}},"34":{"start":{"line":62,"column":24},"end":{"line":80,"column":3}},"35":{"start":{"line":63,"column":4},"end":{"line":63,"column":26}},"36":{"start":{"line":65,"column":4},"end":{"line":78,"column":5}},"37":{"start":{"line":66,"column":19},"end":{"line":68,"column":8}},"38":{"start":{"line":70,"column":6},"end":{"line":70,"column":28}},"39":{"start":{"line":71,"column":6},"end":{"line":71,"column":22}},"40":{"start":{"line":72,"column":6},"end":{"line":72,"column":23}},"41":{"start":{"line":73,"column":6},"end":{"line":73,"column":20}},"42":{"start":{"line":74,"column":6},"end":{"line":74,"column":34}},"43":{"start":{"line":77,"column":6},"end":{"line":77,"column":56}},"44":{"start":{"line":79,"column":4},"end":{"line":79,"column":83}},"45":{"start":{"line":82,"column":33},"end":{"line":88,"column":3}},"46":{"start":{"line":83,"column":4},"end":{"line":83,"column":30}},"47":{"start":{"line":84,"column":4},"end":{"line":84,"column":35}},"48":{"start":{"line":85,"column":4},"end":{"line":87,"column":12}},"49":{"start":{"line":86,"column":6},"end":{"line":86,"column":34}},"50":{"start":{"line":90,"column":20},"end":{"line":99,"column":3}},"51":{"start":{"line":91,"column":4},"end":{"line":91,"column":43}},"52":{"start":{"line":91,"column":25},"end":{"line":91,"column":42}},"53":{"start":{"line":92,"column":4},"end":{"line":98,"column":5}},"54":{"start":{"line":95,"column":10},"end":{"line":95,"column":126}},"55":{"start":{"line":101,"column":2},"end":{"line":119,"column":3}}},"fnMap":{"0":{"name":"(anonymous_0)","decl":{"start":{"line":10,"column":12},"end":{"line":10,"column":13}},"loc":{"start":{"line":10,"column":18},"end":{"line":120,"column":1}},"line":10},"1":{"name":"(anonymous_1)","decl":{"start":{"line":22,"column":12},"end":{"line":22,"column":13}},"loc":{"start":{"line":22,"column":18},"end":{"line":26,"column":3}},"line":22},"2":{"name":"(anonymous_2)","decl":{"start":{"line":23,"column":30},"end":{"line":23,"column":31}},"loc":{"start":{"line":24,"column":6},"end":{"line":24,"column":21}},"line":24},"3":{"name":"(anonymous_3)","decl":{"start":{"line":28,"column":12},"end":{"line":28,"column":13}},"loc":{"start":{"line":28,"column":18},"end":{"line":36,"column":3}},"line":28},"4":{"name":"(anonymous_4)","decl":{"start":{"line":38,"column":22},"end":{"line":38,"column":23}},"loc":{"start":{"line":38,"column":39},"end":{"line":55,"column":3}},"line":38},"5":{"name":"(anonymous_5)","decl":{"start":{"line":56,"column":23},"end":{"line":56,"column":24}},"loc":{"start":{"line":56,"column":34},"end":{"line":60,"column":3}},"line":56},"6":{"name":"(anonymous_6)","decl":{"start":{"line":62,"column":24},"end":{"line":62,"column":25}},"loc":{"start":{"line":62,"column":41},"end":{"line":80,"column":3}},"line":62},"7":{"name":"(anonymous_7)","decl":{"start":{"line":82,"column":33},"end":{"line":82,"column":34}},"loc":{"start":{"line":82,"column":62},"end":{"line":88,"column":3}},"line":82},"8":{"name":"(anonymous_8)","decl":{"start":{"line":85,"column":15},"end":{"line":85,"column":16}},"loc":{"start":{"line":85,"column":21},"end":{"line":87,"column":5}},"line":85},"9":{"name":"(anonymous_9)","decl":{"start":{"line":90,"column":20},"end":{"line":90,"column":21}},"loc":{"start":{"line":90,"column":26},"end":{"line":99,"column":3}},"line":90},"10":{"name":"(anonymous_10)","decl":{"start":{"line":91,"column":15},"end":{"line":91,"column":16}},"loc":{"start":{"line":91,"column":25},"end":{"line":91,"column":42}},"line":91},"11":{"name":"(anonymous_11)","decl":{"start":{"line":94,"column":19},"end":{"line":94,"column":20}},"loc":{"start":{"line":95,"column":10},"end":{"line":95,"column":126}},"line":95}},"branchMap":{"0":{"loc":{"start":{"line":30,"column":4},"end":{"line":35,"column":5}},"type":"if","locations":[{"start":{"line":30,"column":4},"end":{"line":35,"column":5}},{"start":{},"end":{}}],"line":30},"1":{"loc":{"start":{"line":106,"column":7},"end":{"line":116,"column":14}},"type":"cond-expr","locations":[{"start":{"line":107,"column":10},"end":{"line":107,"column":141}},{"start":{"line":108,"column":10},"end":{"line":116,"column":14}}],"line":106}},"s":{"0":0,"1":0,"2":0,"3":0,"4":0,"5":0,"6":0,"7":0,"8":0,"9":0,"10":0,"11":0,"12":0,"13":0,"14":0,"15":0,"16":0,"17":0,"18":0,"19":0,"20":0,"21":0,"22":0,"23":0,"24":0,"25":0,"26":0,"27":0,"28":0,"29":0,"30":0,"31":0,"32":0,"33":0,"34":0,"35":0,"36":0,"37":0,"38":0,"39":0,"40":0,"41":0,"42":0,"43":0,"44":0,"45":0,"46":0,"47":0,"48":0,"49":0,"50":0,"51":0,"52":0,"53":0,"54":0,"55":0},"f":{"0":0,"1":0,"2":0,"3":0,"4":0,"5":0,"6":0,"7":0,"8":0,"9":0,"10":0,"11":0},"b":{"0":[0,0],"1":[0,0]}}
,"/Users/miraklemonkey/fullstackOpen2023/part5/src/main.jsx": {"path":"/Users/miraklemonkey/fullstackOpen2023/part5/src/main.jsx","statementMap":{"0":{"start":{"line":4,"column":0},"end":{"line":4,"column":68}}},"fnMap":{},"branchMap":{},"s":{"0":0},"f":{},"b":{}}
,"/Users/miraklemonkey/fullstackOpen2023/part5/src/components/AddBlogForm.jsx": {"path":"/Users/miraklemonkey/fullstackOpen2023/part5/src/components/AddBlogForm.jsx","statementMap":{"0":{"start":{"line":1,"column":20},"end":{"line":35,"column":1}},"1":{"start":{"line":2,"column":26},"end":{"line":2,"column":67}},"2":{"start":{"line":3,"column":26},"end":{"line":3,"column":67}},"3":{"start":{"line":5,"column":2},"end":{"line":34,"column":3}},"4":{"start":{"line":8,"column":31},"end":{"line":8,"column":54}},"5":{"start":{"line":16,"column":88},"end":{"line":16,"column":114}},"6":{"start":{"line":21,"column":90},"end":{"line":21,"column":117}},"7":{"start":{"line":26,"column":84},"end":{"line":26,"column":108}},"8":{"start":{"line":29,"column":47},"end":{"line":29,"column":71}},"9":{"start":{"line":30,"column":47},"end":{"line":30,"column":71}}},"fnMap":{"0":{"name":"(anonymous_0)","decl":{"start":{"line":1,"column":20},"end":{"line":1,"column":21}},"loc":{"start":{"line":1,"column":146},"end":{"line":35,"column":1}},"line":1},"1":{"name":"(anonymous_1)","decl":{"start":{"line":8,"column":25},"end":{"line":8,"column":26}},"loc":{"start":{"line":8,"column":31},"end":{"line":8,"column":54}},"line":8},"2":{"name":"(anonymous_2)","decl":{"start":{"line":16,"column":72},"end":{"line":16,"column":73}},"loc":{"start":{"line":16,"column":88},"end":{"line":16,"column":114}},"line":16},"3":{"name":"(anonymous_3)","decl":{"start":{"line":21,"column":74},"end":{"line":21,"column":75}},"loc":{"start":{"line":21,"column":90},"end":{"line":21,"column":117}},"line":21},"4":{"name":"(anonymous_4)","decl":{"start":{"line":26,"column":68},"end":{"line":26,"column":69}},"loc":{"start":{"line":26,"column":84},"end":{"line":26,"column":108}},"line":26},"5":{"name":"(anonymous_5)","decl":{"start":{"line":29,"column":41},"end":{"line":29,"column":42}},"loc":{"start":{"line":29,"column":47},"end":{"line":29,"column":71}},"line":29},"6":{"name":"(anonymous_6)","decl":{"start":{"line":30,"column":41},"end":{"line":30,"column":42}},"loc":{"start":{"line":30,"column":47},"end":{"line":30,"column":71}},"line":30}},"branchMap":{"0":{"loc":{"start":{"line":2,"column":37},"end":{"line":2,"column":65}},"type":"cond-expr","locations":[{"start":{"line":2,"column":54},"end":{"line":2,"column":60}},{"start":{"line":2,"column":63},"end":{"line":2,"column":65}}],"line":2},"1":{"loc":{"start":{"line":3,"column":37},"end":{"line":3,"column":65}},"type":"cond-expr","locations":[{"start":{"line":3,"column":54},"end":{"line":3,"column":56}},{"start":{"line":3,"column":59},"end":{"line":3,"column":65}}],"line":3}},"s":{"0":0,"1":0,"2":0,"3":0,"4":0,"5":0,"6":0,"7":0,"8":0,"9":0},"f":{"0":0,"1":0,"2":0,"3":0,"4":0,"5":0,"6":0},"b":{"0":[0,0],"1":[0,0]}}
,"/Users/miraklemonkey/fullstackOpen2023/part5/src/components/LoginForm.jsx": {"path":"/Users/miraklemonkey/fullstackOpen2023/part5/src/components/LoginForm.jsx","statementMap":{"0":{"start":{"line":1,"column":18},"end":{"line":24,"column":1}},"1":{"start":{"line":2,"column":2},"end":{"line":23,"column":9}},"2":{"start":{"line":10,"column":34},"end":{"line":10,"column":59}},"3":{"start":{"line":19,"column":34},"end":{"line":19,"column":59}}},"fnMap":{"0":{"name":"(anonymous_0)","decl":{"start":{"line":1,"column":18},"end":{"line":1,"column":19}},"loc":{"start":{"line":2,"column":2},"end":{"line":23,"column":9}},"line":2},"1":{"name":"(anonymous_1)","decl":{"start":{"line":10,"column":18},"end":{"line":10,"column":19}},"loc":{"start":{"line":10,"column":34},"end":{"line":10,"column":59}},"line":10},"2":{"name":"(anonymous_2)","decl":{"start":{"line":19,"column":18},"end":{"line":19,"column":19}},"loc":{"start":{"line":19,"column":34},"end":{"line":19,"column":59}},"line":19}},"branchMap":{},"s":{"0":0,"1":0,"2":0,"3":0},"f":{"0":0,"1":0,"2":0},"b":{}}
,"/Users/miraklemonkey/fullstackOpen2023/part5/src/components/Notification.jsx": {"path":"/Users/miraklemonkey/fullstackOpen2023/part5/src/components/Notification.jsx","statementMap":{"0":{"start":{"line":1,"column":21},"end":{"line":20,"column":1}},"1":{"start":{"line":3,"column":28},"end":{"line":10,"column":3}},"2":{"start":{"line":12,"column":2},"end":{"line":14,"column":3}},"3":{"start":{"line":13,"column":4},"end":{"line":13,"column":15}},"4":{"start":{"line":15,"column":2},"end":{"line":19,"column":3}}},"fnMap":{"0":{"name":"(anonymous_0)","decl":{"start":{"line":1,"column":21},"end":{"line":1,"column":22}},"loc":{"start":{"line":1,"column":59},"end":{"line":20,"column":1}},"line":1}},"branchMap":{"0":{"loc":{"start":{"line":4,"column":11},"end":{"line":4,"column":36}},"type":"cond-expr","locations":[{"start":{"line":4,"column":21},"end":{"line":4,"column":26}},{"start":{"line":4,"column":29},"end":{"line":4,"column":36}}],"line":4},"1":{"loc":{"start":{"line":12,"column":2},"end":{"line":14,"column":3}},"type":"if","locations":[{"start":{"line":12,"column":2},"end":{"line":14,"column":3}},{"start":{},"end":{}}],"line":12}},"s":{"0":0,"1":0,"2":0,"3":0,"4":0},"f":{"0":0},"b":{"0":[0,0],"1":[0,0]}}
,"/Users/miraklemonkey/fullstackOpen2023/part5/src/components/Blog/Blog.jsx": {"path":"/Users/miraklemonkey/fullstackOpen2023/part5/src/components/Blog/Blog.jsx","statementMap":{"0":{"start":{"line":5,"column":13},"end":{"line":30,"column":1}},"1":{"start":{"line":7,"column":36},"end":{"line":7,"column":57}},"2":{"start":{"line":9,"column":25},"end":{"line":16,"column":3}},"3":{"start":{"line":10,"column":4},"end":{"line":12,"column":5}},"4":{"start":{"line":11,"column":6},"end":{"line":11,"column":29}},"5":{"start":{"line":13,"column":4},"end":{"line":15,"column":5}},"6":{"start":{"line":14,"column":6},"end":{"line":14,"column":30}},"7":{"start":{"line":18,"column":2},"end":{"line":22,"column":3}},"8":{"start":{"line":19,"column":4},"end":{"line":21,"column":5}},"9":{"start":{"line":24,"column":2},"end":{"line":29,"column":3}},"10":{"start":{"line":25,"column":4},"end":{"line":28,"column":5}}},"fnMap":{"0":{"name":"(anonymous_0)","decl":{"start":{"line":5,"column":13},"end":{"line":5,"column":14}},"loc":{"start":{"line":5,"column":68},"end":{"line":30,"column":1}},"line":5},"1":{"name":"(anonymous_1)","decl":{"start":{"line":9,"column":25},"end":{"line":9,"column":26}},"loc":{"start":{"line":9,"column":31},"end":{"line":16,"column":3}},"line":9}},"branchMap":{"0":{"loc":{"start":{"line":10,"column":4},"end":{"line":12,"column":5}},"type":"if","locations":[{"start":{"line":10,"column":4},"end":{"line":12,"column":5}},{"start":{},"end":{}}],"line":10},"1":{"loc":{"start":{"line":13,"column":4},"end":{"line":15,"column":5}},"type":"if","locations":[{"start":{"line":13,"column":4},"end":{"line":15,"column":5}},{"start":{},"end":{}}],"line":13},"2":{"loc":{"start":{"line":18,"column":2},"end":{"line":22,"column":3}},"type":"if","locations":[{"start":{"line":18,"column":2},"end":{"line":22,"column":3}},{"start":{},"end":{}}],"line":18},"3":{"loc":{"start":{"line":24,"column":2},"end":{"line":29,"column":3}},"type":"if","locations":[{"start":{"line":24,"column":2},"end":{"line":29,"column":3}},{"start":{},"end":{}}],"line":24}},"s":{"0":0,"1":0,"2":0,"3":0,"4":0,"5":0,"6":0,"7":0,"8":0,"9":0,"10":0},"f":{"0":0,"1":0},"b":{"0":[0,0],"1":[0,0],"2":[0,0],"3":[0,0]}}
,"/Users/miraklemonkey/fullstackOpen2023/part5/src/components/Blog/BlogViewLess.jsx": {"path":"/Users/miraklemonkey/fullstackOpen2023/part5/src/components/Blog/BlogViewLess.jsx","statementMap":{"0":{"start":{"line":1,"column":18},"end":{"line":6,"column":1}},"1":{"start":{"line":8,"column":19},"end":{"line":11,"column":1}},"2":{"start":{"line":13,"column":21},"end":{"line":17,"column":1}},"3":{"start":{"line":14,"column":2},"end":{"line":16,"column":8}}},"fnMap":{"0":{"name":"(anonymous_0)","decl":{"start":{"line":13,"column":21},"end":{"line":13,"column":22}},"loc":{"start":{"line":14,"column":2},"end":{"line":16,"column":8}},"line":14}},"branchMap":{},"s":{"0":1,"1":1,"2":1,"3":1},"f":{"0":1},"b":{},"_coverageSchema":"1a1c01bbd47fc00a2c39e90264f33305004495a9","hash":"e355e14638d1e691daf155f0cd20d4c741fc3d7d"}
,"/Users/miraklemonkey/fullstackOpen2023/part5/src/components/Blog/BlogViewMore.jsx": {"path":"/Users/miraklemonkey/fullstackOpen2023/part5/src/components/Blog/BlogViewMore.jsx","statementMap":{"0":{"start":{"line":3,"column":19},"end":{"line":8,"column":1}},"1":{"start":{"line":9,"column":20},"end":{"line":13,"column":1}},"2":{"start":{"line":14,"column":21},"end":{"line":17,"column":1}},"3":{"start":{"line":19,"column":21},"end":{"line":69,"column":1}},"4":{"start":{"line":21,"column":25},"end":{"line":44,"column":3}},"5":{"start":{"line":22,"column":4},"end":{"line":22,"column":26}},"6":{"start":{"line":24,"column":4},"end":{"line":43,"column":5}},"7":{"start":{"line":25,"column":27},"end":{"line":31,"column":17}},"8":{"start":{"line":34,"column":6},"end":{"line":37,"column":7}},"9":{"start":{"line":39,"column":27},"end":{"line":39,"column":78}},"10":{"start":{"line":39,"column":42},"end":{"line":39,"column":77}},"11":{"start":{"line":40,"column":6},"end":{"line":40,"column":28}},"12":{"start":{"line":42,"column":6},"end":{"line":42,"column":63}},"13":{"start":{"line":46,"column":27},"end":{"line":57,"column":3}},"14":{"start":{"line":47,"column":4},"end":{"line":47,"column":26}},"15":{"start":{"line":48,"column":4},"end":{"line":56,"column":5}},"16":{"start":{"line":50,"column":6},"end":{"line":55,"column":7}},"17":{"start":{"line":51,"column":8},"end":{"line":51,"column":41}},"18":{"start":{"line":52,"column":8},"end":{"line":52,"column":53}},"19":{"start":{"line":52,"column":35},"end":{"line":52,"column":51}},"20":{"start":{"line":53,"column":8},"end":{"line":53,"column":73}},"21":{"start":{"line":60,"column":2},"end":{"line":68,"column":3}}},"fnMap":{"0":{"name":"(anonymous_0)","decl":{"start":{"line":19,"column":21},"end":{"line":19,"column":22}},"loc":{"start":{"line":19,"column":92},"end":{"line":69,"column":1}},"line":19},"1":{"name":"(anonymous_1)","decl":{"start":{"line":21,"column":25},"end":{"line":21,"column":26}},"loc":{"start":{"line":21,"column":42},"end":{"line":44,"column":3}},"line":21},"2":{"name":"(anonymous_2)","decl":{"start":{"line":39,"column":37},"end":{"line":39,"column":38}},"loc":{"start":{"line":39,"column":42},"end":{"line":39,"column":77}},"line":39},"3":{"name":"(anonymous_3)","decl":{"start":{"line":46,"column":27},"end":{"line":46,"column":28}},"loc":{"start":{"line":46,"column":44},"end":{"line":57,"column":3}},"line":46},"4":{"name":"(anonymous_4)","decl":{"start":{"line":52,"column":30},"end":{"line":52,"column":31}},"loc":{"start":{"line":52,"column":35},"end":{"line":52,"column":51}},"line":52}},"branchMap":{"0":{"loc":{"start":{"line":39,"column":42},"end":{"line":39,"column":77}},"type":"cond-expr","locations":[{"start":{"line":39,"column":61},"end":{"line":39,"column":62}},{"start":{"line":39,"column":65},"end":{"line":39,"column":77}}],"line":39},"1":{"loc":{"start":{"line":48,"column":4},"end":{"line":56,"column":5}},"type":"if","locations":[{"start":{"line":48,"column":4},"end":{"line":56,"column":5}},{"start":{},"end":{}}],"line":48}},"s":{"0":0,"1":0,"2":0,"3":0,"4":0,"5":0,"6":0,"7":0,"8":0,"9":0,"10":0,"11":0,"12":0,"13":0,"14":0,"15":0,"16":0,"17":0,"18":0,"19":0,"20":0,"21":0},"f":{"0":0,"1":0,"2":0,"3":0,"4":0},"b":{"0":[0,0],"1":[0,0]}}
,"/Users/miraklemonkey/fullstackOpen2023/part5/src/services/blogs.js": {"path":"/Users/miraklemonkey/fullstackOpen2023/part5/src/services/blogs.js","statementMap":{"0":{"start":{"line":2,"column":16},"end":{"line":2,"column":28}},"1":{"start":{"line":4,"column":12},"end":{"line":4,"column":16}},"2":{"start":{"line":6,"column":17},"end":{"line":8,"column":1}},"3":{"start":{"line":7,"column":2},"end":{"line":7,"column":30}},"4":{"start":{"line":10,"column":15},"end":{"line":13,"column":1}},"5":{"start":{"line":11,"column":18},"end":{"line":11,"column":36}},"6":{"start":{"line":12,"column":2},"end":{"line":12,"column":48}},"7":{"start":{"line":12,"column":34},"end":{"line":12,"column":47}},"8":{"start":{"line":15,"column":15},"end":{"line":22,"column":1}},"9":{"start":{"line":17,"column":17},"end":{"line":19,"column":3}},"10":{"start":{"line":20,"column":19},"end":{"line":20,"column":63}},"11":{"start":{"line":21,"column":2},"end":{"line":21,"column":22}},"12":{"start":{"line":24,"column":15},"end":{"line":32,"column":1}},"13":{"start":{"line":26,"column":17},"end":{"line":28,"column":3}},"14":{"start":{"line":30,"column":19},"end":{"line":30,"column":79}},"15":{"start":{"line":31,"column":2},"end":{"line":31,"column":22}},"16":{"start":{"line":34,"column":15},"end":{"line":43,"column":1}},"17":{"start":{"line":36,"column":17},"end":{"line":38,"column":3}},"18":{"start":{"line":40,"column":19},"end":{"line":40,"column":69}},"19":{"start":{"line":42,"column":2},"end":{"line":42,"column":22}}},"fnMap":{"0":{"name":"(anonymous_0)","decl":{"start":{"line":6,"column":17},"end":{"line":6,"column":18}},"loc":{"start":{"line":6,"column":29},"end":{"line":8,"column":1}},"line":6},"1":{"name":"(anonymous_1)","decl":{"start":{"line":10,"column":15},"end":{"line":10,"column":16}},"loc":{"start":{"line":10,"column":21},"end":{"line":13,"column":1}},"line":10},"2":{"name":"(anonymous_2)","decl":{"start":{"line":12,"column":22},"end":{"line":12,"column":23}},"loc":{"start":{"line":12,"column":34},"end":{"line":12,"column":47}},"line":12},"3":{"name":"(anonymous_3)","decl":{"start":{"line":15,"column":15},"end":{"line":15,"column":16}},"loc":{"start":{"line":15,"column":34},"end":{"line":22,"column":1}},"line":15},"4":{"name":"(anonymous_4)","decl":{"start":{"line":24,"column":15},"end":{"line":24,"column":16}},"loc":{"start":{"line":24,"column":46},"end":{"line":32,"column":1}},"line":24},"5":{"name":"(anonymous_5)","decl":{"start":{"line":34,"column":15},"end":{"line":34,"column":16}},"loc":{"start":{"line":34,"column":33},"end":{"line":43,"column":1}},"line":34}},"branchMap":{},"s":{"0":0,"1":0,"2":0,"3":0,"4":0,"5":0,"6":0,"7":0,"8":0,"9":0,"10":0,"11":0,"12":0,"13":0,"14":0,"15":0,"16":0,"17":0,"18":0,"19":0},"f":{"0":0,"1":0,"2":0,"3":0,"4":0,"5":0},"b":{}}
,"/Users/miraklemonkey/fullstackOpen2023/part5/src/services/login.js": {"path":"/Users/miraklemonkey/fullstackOpen2023/part5/src/services/login.js","statementMap":{"0":{"start":{"line":2,"column":16},"end":{"line":2,"column":28}},"1":{"start":{"line":4,"column":14},"end":{"line":7,"column":1}},"2":{"start":{"line":5,"column":19},"end":{"line":5,"column":57}},"3":{"start":{"line":6,"column":2},"end":{"line":6,"column":22}}},"fnMap":{"0":{"name":"(anonymous_0)","decl":{"start":{"line":4,"column":14},"end":{"line":4,"column":15}},"loc":{"start":{"line":4,"column":35},"end":{"line":7,"column":1}},"line":4}},"branchMap":{},"s":{"0":0,"1":0,"2":0,"3":0},"f":{"0":0},"b":{}}
}
